<?xml version="1.0" encoding="UTF-8"?>
<!-- Generated by org.testng.reporters.JUnitXMLReporter -->
<testsuite ignored="1" hostname="2022RMD0278.local" failures="2" tests="2" name="Test(failed)" time="0.053" errors="0" timestamp="2024-03-15T22:41:29 PST">
  <testcase classname="testCases.DemoTest" name="enterCredentials" time="0.011">
    <failure type="java.lang.NullPointerException" message="Cannot invoke &amp;quot;org.openqa.selenium.WebDriver.findElement(org.openqa.selenium.By)&amp;quot; because &amp;quot;testCases.DemoTest.driver&amp;quot; is null">
      <![CDATA[java.lang.NullPointerException: Cannot invoke "org.openqa.selenium.WebDriver.findElement(org.openqa.selenium.By)" because "testCases.DemoTest.driver" is null
at testCases.DemoTest.enterText(DemoTest.java:33)
at testCases.DemoTest.enterUserName(DemoTest.java:47)
at testCases.DemoTest.enterCredentials(DemoTest.java:19)
at java.base/java.util.ArrayList.forEach(ArrayList.java:1511)
... Removed 27 stack frames]]>
    </failure>
  </testcase> <!-- enterCredentials -->
  <testcase classname="testCases.DemoTest" name="clickLogin" time="0.002">
    <failure type="java.lang.NullPointerException" message="Cannot invoke &amp;quot;org.openqa.selenium.WebDriver.findElement(org.openqa.selenium.By)&amp;quot; because &amp;quot;testCases.DemoTest.driver&amp;quot; is null">
      <![CDATA[java.lang.NullPointerException: Cannot invoke "org.openqa.selenium.WebDriver.findElement(org.openqa.selenium.By)" because "testCases.DemoTest.driver" is null
at testCases.DemoTest.clickLoginButton(DemoTest.java:63)
at testCases.DemoTest.clickLogin(DemoTest.java:25)
at java.base/java.util.ArrayList.forEach(ArrayList.java:1511)
... Removed 27 stack frames]]>
    </failure>
  </testcase> <!-- clickLogin -->
  <testcase classname="testCases.DemoTest" name="clearCredentials" time="0.0">
    <ignored/>
  </testcase> <!-- clearCredentials -->
</testsuite> <!-- Test(failed) -->
